<?xml version="1.0" encoding="UTF-8"?>
<testng-results ignored="0" total="5" passed="5" failed="0" skipped="0">
  <reporter-output>
  </reporter-output>
  <suite started-at="2022-07-21T14:24:29 IST" name="Regression" finished-at="2022-07-21T14:24:29 IST" duration-ms="60">
    <groups>
      <group name="Reg">
        <method signature="VehicleInsurance.WebLogout()[pri:0, instance:Tutorial.VehicleInsurance@71809907]" name="WebLogout" class="Tutorial.VehicleInsurance"/>
        <method signature="VehicleInsurance.WebLogin()[pri:1, instance:Tutorial.VehicleInsurance@71809907]" name="WebLogin" class="Tutorial.VehicleInsurance"/>
      </group> <!-- Reg -->
      <group name="Dog">
        <method signature="VehicleInsurance.MobileLogout()[pri:-4, instance:Tutorial.VehicleInsurance@71809907]" name="MobileLogout" class="Tutorial.VehicleInsurance"/>
        <method signature="VehicleInsurance.MobileLogIn()[pri:0, instance:Tutorial.VehicleInsurance@71809907]" name="MobileLogIn" class="Tutorial.VehicleInsurance"/>
      </group> <!-- Dog -->
    </groups>
    <test started-at="2022-07-21T14:24:29 IST" name="Test" finished-at="2022-07-21T14:24:29 IST" duration-ms="60">
      <class name="Tutorial.ParameterInTestNg">
        <test-method signature="pgm(java.lang.String,java.lang.String,java.lang.String)[pri:0, instance:Tutorial.ParameterInTestNg@323b36e0]" started-at="2022-07-21T14:24:29 IST" name="pgm" finished-at="2022-07-21T14:24:29 IST" duration-ms="2" status="PASS">
          <params>
            <param index="0">
              <value>
                <![CDATA[Selenium]]>
              </value>
            </param>
            <param index="1">
              <value>
                <![CDATA[Selenium@123]]>
              </value>
            </param>
            <param index="2">
              <value>
                <![CDATA[https://testng.org/doc/documentation-main.html#parameters]]>
              </value>
            </param>
          </params>
          <reporter-output>
          </reporter-output>
        </test-method> <!-- pgm -->
      </class> <!-- Tutorial.ParameterInTestNg -->
      <class name="Tutorial.VehicleInsurance">
        <test-method signature="MobileLogout()[pri:-4, instance:Tutorial.VehicleInsurance@71809907]" started-at="2022-07-21T14:24:29 IST" name="MobileLogout" finished-at="2022-07-21T14:24:29 IST" duration-ms="13" status="PASS">
          <reporter-output>
          </reporter-output>
        </test-method> <!-- MobileLogout -->
        <test-method signature="MobileLogIn()[pri:0, instance:Tutorial.VehicleInsurance@71809907]" started-at="2022-07-21T14:24:29 IST" name="MobileLogIn" finished-at="2022-07-21T14:24:29 IST" duration-ms="1" status="PASS">
          <reporter-output>
          </reporter-output>
        </test-method> <!-- MobileLogIn -->
        <test-method signature="WebLogout()[pri:0, instance:Tutorial.VehicleInsurance@71809907]" started-at="2022-07-21T14:24:29 IST" name="WebLogout" finished-at="2022-07-21T14:24:29 IST" duration-ms="2" status="PASS">
          <reporter-output>
          </reporter-output>
        </test-method> <!-- WebLogout -->
        <test-method signature="WebLogin()[pri:1, instance:Tutorial.VehicleInsurance@71809907]" started-at="2022-07-21T14:24:29 IST" name="WebLogin" finished-at="2022-07-21T14:24:29 IST" duration-ms="2" status="PASS">
          <reporter-output>
          </reporter-output>
        </test-method> <!-- WebLogin -->
      </class> <!-- Tutorial.VehicleInsurance -->
    </test> <!-- Test -->
  </suite> <!-- Regression -->
</testng-results>
