<?xml version="1.0" encoding="UTF-8"?>
<!-- Generated by org.testng.reporters.JUnitXMLReporter -->
<testsuite ignored="0" hostname="PC010422" failures="0" tests="8" name="Test" time="0.221" errors="0" timestamp="2022-07-01T10:03:57 IST">
  <testcase classname="sureFirePackage.HomeInsuranceTest" name="MobileLogIn" time="0.036"/>
  <testcase classname="sureFirePackage.HomeInsuranceTest" name="MobileLogout" time="0.004"/>
  <testcase classname="sureFirePackage.HomeInsuranceTest" name="WebLogin" time="0.005"/>
  <testcase classname="sureFirePackage.HomeInsuranceTest" name="WebLogout" time="0.003"/>
  <testcase classname="sureFirePackage.DogInsuranceTest" name="MobileLogIn" time="0.004"/>
  <testcase classname="sureFirePackage.DogInsuranceTest" name="MobileLogout" time="0.007"/>
  <testcase classname="sureFirePackage.DogInsuranceTest" name="WebLogin" time="0.006"/>
  <testcase classname="sureFirePackage.DogInsuranceTest" name="WebLogout" time="0.004"/>
</testsuite> <!-- Test -->
