<?xml version="1.0" encoding="UTF-8"?>
<!-- Generated by org.testng.reporters.JUnitXMLReporter -->
<testsuite ignored="0" hostname="PC010422" failures="0" tests="4" name="Default test" time="47.894" errors="0" timestamp="2022-06-24T12:57:26 IST">
  <testcase classname="Tutorial.DataProviderPGM" name="SwagLagsLogin" time="10.696"/>
  <testcase classname="Tutorial.DataProviderPGM" name="SwagLagsLogin" time="6.69"/>
  <testcase classname="Tutorial.DataProviderPGM" name="SwagLagsLogin" time="5.944"/>
  <testcase classname="Tutorial.DataProviderPGM" name="SwagLagsLogin" time="24.429"/>
</testsuite> <!-- Default test -->
