<?xml version="1.0" encoding="UTF-8"?>
<!-- Generated by org.testng.reporters.JUnitXMLReporter -->
<testsuite ignored="0" hostname="LAPTOP-2L4TB7K4" failures="0" tests="4" name="Default test" time="52.622" errors="0" timestamp="2022-07-21T14:08:52 IST">
  <testcase classname="Tutorial.DataProviderPGM" name="SwagLagsLogin" time="17.776"/>
  <testcase classname="Tutorial.DataProviderPGM" name="SwagLagsLogin" time="10.233"/>
  <testcase classname="Tutorial.DataProviderPGM" name="SwagLagsLogin" time="9.783"/>
  <testcase classname="Tutorial.DataProviderPGM" name="SwagLagsLogin" time="14.766"/>
</testsuite> <!-- Default test -->
