<?xml version="1.0" encoding="UTF-8"?>
<!-- Generated by org.testng.reporters.JUnitXMLReporter -->
<testsuite ignored="0" hostname="PC010422" failures="0" tests="4" name="Test" time="0.14" errors="0" timestamp="2022-06-28T06:31:59 IST">
  <testcase classname="sureFirePackage.HomeInsuranceTest" name="MobileLogIn" time="0.017"/>
  <testcase classname="sureFirePackage.HomeInsuranceTest" name="MobileLogout" time="0.004"/>
  <testcase classname="sureFirePackage.HomeInsuranceTest" name="WebLogin" time="0.004"/>
  <testcase classname="sureFirePackage.HomeInsuranceTest" name="WebLogout" time="0.003"/>
</testsuite> <!-- Test -->
