<?xml version="1.0" encoding="UTF-8"?>
<!-- Generated by org.testng.reporters.JUnitXMLReporter -->
<testsuite ignored="0" hostname="LAPTOP-2L4TB7K4" failures="0" tests="5" name="Test" time="0.06" errors="0" timestamp="2022-07-21T14:24:29 IST">
  <testcase classname="Tutorial.VehicleInsurance" name="MobileLogout" time="0.013"/>
  <testcase classname="Tutorial.VehicleInsurance" name="MobileLogIn" time="0.001"/>
  <testcase classname="Tutorial.VehicleInsurance" name="WebLogout" time="0.002"/>
  <testcase classname="Tutorial.VehicleInsurance" name="WebLogin" time="0.002"/>
  <testcase classname="Tutorial.ParameterInTestNg" name="pgm" time="0.002"/>
</testsuite> <!-- Test -->
